#-----------------------------------------------------------
# Vivado v2018.3 (64-bit)
# SW Build 2405991 on Thu Dec  6 23:38:27 MST 2018
# IP Build 2404404 on Fri Dec  7 01:43:56 MST 2018
# Start of session at: Sun Mar 27 10:01:42 2022
# Process ID: 22264
# Current directory: D:/verilog/mips_final
# Command line: vivado.exe -gui_launcher_event rodinguilauncherevent7132 D:\verilog\mips_final\project_2.xpr
# Log file: D:/verilog/mips_final/vivado.log
# Journal file: D:/verilog/mips_final\vivado.jou
#-----------------------------------------------------------
start_gui
open_project D:/verilog/mips_final/project_2.xpr
Scanning sources...
Finished scanning sources
INFO: [IP_Flow 19-234] Refreshing IP repositories
INFO: [IP_Flow 19-1704] No user IP repositories specified
INFO: [IP_Flow 19-2313] Loaded Vivado IP repository 'D:/Xilinx/Vivado/2018.3/data/ip'.
open_project: Time (s): cpu = 00:00:20 ; elapsed = 00:00:08 . Memory (MB): peak = 703.492 ; gain = 108.230
update_compile_order -fileset sources_1
set_property is_enabled true [get_files  D:/verilog/mips_final/project_2.srcs/sources_1/new/top.sv]
update_compile_order -fileset sources_1
exit
INFO: [Common 17-206] Exiting Vivado at Sun Mar 27 10:03:26 2022...
