INFO: [VRFC 10-2263] Analyzing SystemVerilog file "D:/verilog/pipline/pipline.srcs/sources_1/imports/new/IO.sv" into library xil_defaultlib
INFO: [VRFC 10-311] analyzing module IO
INFO: [VRFC 10-2263] Analyzing SystemVerilog file "D:/verilog/pipline/pipline.srcs/sources_1/new/MIPS.sv" into library xil_defaultlib
INFO: [VRFC 10-311] analyzing module MIPS
INFO: [VRFC 10-2263] Analyzing SystemVerilog file "D:/verilog/pipline/pipline.srcs/sources_1/new/alu.sv" into library xil_defaultlib
INFO: [VRFC 10-311] analyzing module alu
INFO: [VRFC 10-311] analyzing module adder
INFO: [VRFC 10-2263] Analyzing SystemVerilog file "D:/verilog/pipline/pipline.srcs/sources_1/new/aludec.sv" into library xil_defaultlib
INFO: [VRFC 10-311] analyzing module aludec
INFO: [VRFC 10-2263] Analyzing SystemVerilog file "D:/verilog/pipline/pipline.srcs/sources_1/new/controller.sv" into library xil_defaultlib
INFO: [VRFC 10-311] analyzing module controller
INFO: [VRFC 10-2263] Analyzing SystemVerilog file "D:/verilog/multi_cycle/multi_cycle.srcs/sources_1/imports/sources_1/new/datamemorydecoder.sv" into library xil_defaultlib
INFO: [VRFC 10-311] analyzing module dMemoryDecoder
INFO: [VRFC 10-2263] Analyzing SystemVerilog file "D:/verilog/pipline/pipline.srcs/sources_1/new/datapath.sv" into library xil_defaultlib
INFO: [VRFC 10-311] analyzing module datapath
INFO: [VRFC 10-2263] Analyzing SystemVerilog file "D:/verilog/pipline/pipline.srcs/sources_1/imports/verilog/mips_final/project_2.srcs/sources_1/new/dmem.sv" into library xil_defaultlib
INFO: [VRFC 10-311] analyzing module dMem
INFO: [VRFC 10-2263] Analyzing SystemVerilog file "D:/verilog/pipline/pipline.srcs/sources_1/new/eqcmp.sv" into library xil_defaultlib
INFO: [VRFC 10-311] analyzing module eqcmp
INFO: [VRFC 10-2263] Analyzing SystemVerilog file "D:/verilog/pipline/pipline.srcs/sources_1/new/flopenr.sv" into library xil_defaultlib
INFO: [VRFC 10-311] analyzing module flopenr
INFO: [VRFC 10-311] analyzing module flopenrc
INFO: [VRFC 10-2263] Analyzing SystemVerilog file "D:/verilog/pipline/pipline.srcs/sources_1/new/flopr.sv" into library xil_defaultlib
INFO: [VRFC 10-311] analyzing module flopr
INFO: [VRFC 10-311] analyzing module floprc
INFO: [VRFC 10-2263] Analyzing SystemVerilog file "D:/verilog/pipline/pipline.srcs/sources_1/new/hazard.sv" into library xil_defaultlib
INFO: [VRFC 10-311] analyzing module hazard
INFO: [VRFC 10-2263] Analyzing SystemVerilog file "D:/verilog/pipline/pipline.srcs/sources_1/imports/new/imem.sv" into library xil_defaultlib
INFO: [VRFC 10-311] analyzing module iMem
INFO: [VRFC 10-2263] Analyzing SystemVerilog file "D:/verilog/pipline/pipline.srcs/sources_1/new/iotop.sv" into library xil_defaultlib
INFO: [VRFC 10-311] analyzing module iotop
INFO: [VRFC 10-2263] Analyzing SystemVerilog file "D:/verilog/pipline/pipline.srcs/sources_1/new/maindec.sv" into library xil_defaultlib
INFO: [VRFC 10-311] analyzing module maindec
INFO: [VRFC 10-2263] Analyzing SystemVerilog file "D:/verilog/pipline/pipline.srcs/sources_1/new/mux2.sv" into library xil_defaultlib
INFO: [VRFC 10-311] analyzing module mux2
INFO: [VRFC 10-2263] Analyzing SystemVerilog file "D:/verilog/pipline/pipline.srcs/sources_1/new/mux3.sv" into library xil_defaultlib
INFO: [VRFC 10-311] analyzing module mux3
INFO: [VRFC 10-2263] Analyzing SystemVerilog file "D:/verilog/pipline/pipline.srcs/sources_1/imports/new/mux7seg.sv" into library xil_defaultlib
INFO: [VRFC 10-311] analyzing module hex
INFO: [VRFC 10-311] analyzing module mux7seg
INFO: [VRFC 10-2263] Analyzing SystemVerilog file "D:/verilog/pipline/pipline.srcs/sources_1/new/regfile.sv" into library xil_defaultlib
INFO: [VRFC 10-311] analyzing module regfile
INFO: [VRFC 10-2263] Analyzing SystemVerilog file "D:/verilog/pipline/pipline.srcs/sources_1/new/shift.sv" into library xil_defaultlib
INFO: [VRFC 10-311] analyzing module sl2
INFO: [VRFC 10-311] analyzing module signext
INFO: [VRFC 10-2263] Analyzing SystemVerilog file "D:/verilog/pipline/pipline.srcs/sim_1/imports/new/iosim.sv" into library xil_defaultlib
INFO: [VRFC 10-311] analyzing module iosim
