Vivado Simulator 2018.3
Copyright 1986-1999, 2001-2018 Xilinx, Inc. All Rights Reserved.
Running: D:/Xilinx/Vivado/2018.3/bin/unwrapped/win64.o/xelab.exe -wto 929e1631b7e4489f8d8a9f2467b74bd1 --incr --debug typical --relax --mt 2 -L xil_defaultlib -L unisims_ver -L unimacro_ver -L secureip --snapshot iosim_behav xil_defaultlib.iosim xil_defaultlib.glbl -log elaborate.log 
Using 2 slave threads.
Starting static elaboration
WARNING: [VRFC 10-3091] actual bit length 7 differs from formal bit length 1 for port 'dp' [D:/verilog/pipline/pipline.srcs/sources_1/new/iotop.sv:47]
WARNING: [VRFC 10-3091] actual bit length 8 differs from formal bit length 32 for port 'a' [D:/verilog/multi_cycle/multi_cycle.srcs/sources_1/imports/sources_1/new/datamemorydecoder.sv:46]
Completed static elaboration
Starting simulation data flow analysis
Completed simulation data flow analysis
Time Resolution for simulation is 1ps
Compiling module xil_defaultlib.iMem
Compiling module xil_defaultlib.maindec
Compiling module xil_defaultlib.aludec
Compiling module xil_defaultlib.floprc(WIDTH=9)
Compiling module xil_defaultlib.flopr(WIDTH=3)
Compiling module xil_defaultlib.flopr(WIDTH=2)
Compiling module xil_defaultlib.controller
Compiling module xil_defaultlib.hazard
Compiling module xil_defaultlib.mux2(WIDTH=32)
Compiling module xil_defaultlib.regfile
Compiling module xil_defaultlib.flopenr(WIDTH=32)
Compiling module xil_defaultlib.adder
Compiling module xil_defaultlib.flopenrc(WIDTH=32)
Compiling module xil_defaultlib.signext
Compiling module xil_defaultlib.sl2
Compiling module xil_defaultlib.eqcmp
Compiling module xil_defaultlib.floprc(WIDTH=32)
Compiling module xil_defaultlib.floprc(WIDTH=5)
Compiling module xil_defaultlib.mux3(WIDTH=32)
Compiling module xil_defaultlib.alu
Compiling module xil_defaultlib.mux2(WIDTH=5)
Compiling module xil_defaultlib.flopr(WIDTH=32)
Compiling module xil_defaultlib.flopr(WIDTH=5)
Compiling module xil_defaultlib.datapath
Compiling module xil_defaultlib.MIPS
Compiling module xil_defaultlib.dMem
Compiling module xil_defaultlib.IO
Compiling module xil_defaultlib.hex
Compiling module xil_defaultlib.mux7seg
Compiling module xil_defaultlib.dMemoryDecoder
Compiling module xil_defaultlib.iotop
Compiling module xil_defaultlib.iosim
Compiling module xil_defaultlib.glbl
Built simulation snapshot iosim_behav
